<?xml version="1.0" encoding="UTF-8"?>
<!-- Generated by org.testng.reporters.JUnitXMLReporter -->
<testsuite hostname="Nawaphong-O" name="Default test" tests="3" failures="0" timestamp="10 Oct 2016 08:46:25 GMT" time="13.053" errors="0">
  <testcase name="TestA_insert" time="3.674" classname="selenium.web.test.Webtest"/>
  <testcase name="TestB_update" time="4.754" classname="selenium.web.test.Webtest"/>
  <testcase name="TestC_delete" time="1.265" classname="selenium.web.test.Webtest"/>
</testsuite> <!-- Default test -->
